<?xml version="1.0" encoding="UTF-8"?>
<!-- Generated by org.testng.reporters.JUnitXMLReporter -->
<testsuite ignored="0" hostname="MS-Lenovo-PC" failures="0" tests="10" name="Surefire test" time="173.182" errors="0" timestamp="2020-09-12T10:20:48 IST">
  <testcase classname="com.crm.qa.testcases.ContactsPageTest" name="verifyContactsPageLabel" time="2.142"/>
  <testcase classname="com.crm.qa.testcases.ContactsPageTest" name="selectContact" time="3.23"/>
  <testcase classname="com.crm.qa.testcases.ContactsPageTest" name="validateCreateNewContact" time="8.153"/>
  <testcase classname="com.crm.qa.testcases.ContactsPageTest" name="validateCreateNewContact" time="7.708"/>
  <testcase classname="com.crm.qa.testcases.ContactsPageTest" name="validateCreateNewContact" time="7.964"/>
  <testcase classname="com.crm.qa.testcases.HomePageTest" name="verifyHomePageTitle" time="2.027"/>
  <testcase classname="com.crm.qa.testcases.HomePageTest" name="verifyUserNameLabel" time="2.068"/>
  <testcase classname="com.crm.qa.testcases.HomePageTest" name="clickOnContactsLinkText" time="2.634"/>
  <testcase classname="com.crm.qa.testcases.LoginPageTest" name="loginPageTitleTest" time="0.007"/>
  <testcase classname="com.crm.qa.testcases.LoginPageTest" name="loginTest" time="2.814"/>
</testsuite> <!-- Surefire test -->
