<?xml version="1.0" encoding="UTF-8"?>
<!-- Generated by org.testng.reporters.JUnitXMLReporter -->
<testsuite hostname="MS-Lenovo-PC" ignored="0" name="Free CRM Test Cases" tests="10" failures="0" timestamp="2020-09-11T09:37:49 IST" time="195.772" errors="0">
  <testcase name="loginPageTitleTest" time="0.037" classname="com.crm.qa.testcases.LoginPageTest"/>
  <testcase name="loginTest" time="2.609" classname="com.crm.qa.testcases.LoginPageTest"/>
  <testcase name="verifyHomePageTitle" time="2.019" classname="com.crm.qa.testcases.HomePageTest"/>
  <testcase name="verifyUserNameLabel" time="2.374" classname="com.crm.qa.testcases.HomePageTest"/>
  <testcase name="clickOnContactsLinkText" time="3.206" classname="com.crm.qa.testcases.HomePageTest"/>
  <testcase name="verifyContactsPageLabel" time="2.103" classname="com.crm.qa.testcases.ContactsPageTest"/>
  <testcase name="selectContact" time="3.221" classname="com.crm.qa.testcases.ContactsPageTest"/>
  <testcase name="validateCreateNewContact" time="8.152" classname="com.crm.qa.testcases.ContactsPageTest"/>
  <testcase name="validateCreateNewContact" time="8.107" classname="com.crm.qa.testcases.ContactsPageTest"/>
  <testcase name="validateCreateNewContact" time="7.935" classname="com.crm.qa.testcases.ContactsPageTest"/>
</testsuite> <!-- Free CRM Test Cases -->
